[32m2026-02-14 10:15:35 -0500[0m - dagster - [34mDEBUG[0m - __ASSET_JOB - bf821c5f-44fc-462e-8dd1-98dc681c5f32 - 406823 - LOGS_CAPTURED - Started capturing logs in process (pid: 406823).
[32m2026-02-14 10:15:35 -0500[0m - dagster - [34mDEBUG[0m - __ASSET_JOB - bf821c5f-44fc-462e-8dd1-98dc681c5f32 - 406823 - gene_effects_table - STEP_START - Started execution of step "gene_effects_table".
[32m2026-02-14 10:19:00 -0500[0m - dagster - [34mERROR[0m - [31m__ASSET_JOB - bf821c5f-44fc-462e-8dd1-98dc681c5f32 - 406823 - gene_effects_table - STEP_FAILURE - Execution of step "gene_effects_table" failed.

dagster._core.errors.DagsterExecutionStepExecutionError: Error occurred while executing op "gene_effects_table"::

_duckdb.BinderException: Binder Error: Index with name "idx_gene_symbol" already exists in schema "public"

Stack Trace:
  File "/home/dominickryan/Python_Scripts/crispr_project1/.venv/lib64/python3.14/site-packages/dagster/_core/execution/plan/utils.py", line 57, in op_execution_error_boundary
    yield
  File "/home/dominickryan/Python_Scripts/crispr_project1/.venv/lib64/python3.14/site-packages/dagster/_utils/__init__.py", line 394, in iterate_with_context
    next_output = next(iterator)
  File "/home/dominickryan/Python_Scripts/crispr_project1/.venv/lib64/python3.14/site-packages/dagster/_core/execution/plan/compute_generator.py", line 135, in _coerce_op_compute_fn_to_iterator
    result = invoke_compute_fn(
        fn, context, kwargs, context_arg_provided, config_arg_class, resource_arg_mapping
    )
  File "/home/dominickryan/Python_Scripts/crispr_project1/.venv/lib64/python3.14/site-packages/dagster/_core/execution/plan/compute_generator.py", line 115, in invoke_compute_fn
    return fn(context, **args_to_pass) if context_arg_provided else fn(**args_to_pass)
                                                                    ~~^^^^^^^^^^^^^^^^
  File "/home/dominickryan/Python_Scripts/crispr_project1/assets.py", line 47, in gene_effects_table
    con.execute("CREATE INDEX idx_gene_symbol ON pg.gene_effects(gene_symbol);")
    ~~~~~~~~~~~^^^^^^^^^^^^^^^^^^^^^^^^^^^^^^^^^^^^^^^^^^^^^^^^^^^^^^^^^^^^^^^^^
[0m
